Using pre-set license
Built from '2021.2/staging' branch; Version is '2021.2.11f1 (e50cafbb4399) revision 15010991'; Using compiler version '192829333'; Build Type 'Release'
OS: 'Windows 10  (10.0.19044) 64bit Professional' Language: 'cs' Physical Memory: 16329 MB
BatchMode: 1, IsHumanControllingUs: 0, StartBugReporterOnCrash: 0, Is64bit: 1, IsPro: 0

COMMAND LINE ARGUMENTS:
C:\Program Files\Unity\Hub\Editor\2021.2.11f1\Editor\Unity.exe
-adb2
-batchMode
-noUpm
-name
AssetImportWorker3
-projectPath
C:/Users/janko/Documents/git/The-Watchmaker-s-Apprentice/src/WA
-logFile
Logs/AssetImportWorker3.log
-srvPort
50498
Successfully changed project path to: C:/Users/janko/Documents/git/The-Watchmaker-s-Apprentice/src/WA
C:/Users/janko/Documents/git/The-Watchmaker-s-Apprentice/src/WA
[UnityMemory] Configuration Parameters - Can be set up in boot.config
    "memorysetup-bucket-allocator-granularity=16"
    "memorysetup-bucket-allocator-bucket-count=8"
    "memorysetup-bucket-allocator-block-size=33554432"
    "memorysetup-bucket-allocator-block-count=8"
    "memorysetup-main-allocator-block-size=16777216"
    "memorysetup-thread-allocator-block-size=16777216"
    "memorysetup-gfx-main-allocator-block-size=16777216"
    "memorysetup-gfx-thread-allocator-block-size=16777216"
    "memorysetup-cache-allocator-block-size=4194304"
    "memorysetup-typetree-allocator-block-size=2097152"
    "memorysetup-profiler-bucket-allocator-granularity=16"
    "memorysetup-profiler-bucket-allocator-bucket-count=8"
    "memorysetup-profiler-bucket-allocator-block-size=33554432"
    "memorysetup-profiler-bucket-allocator-block-count=8"
    "memorysetup-profiler-allocator-block-size=16777216"
    "memorysetup-profiler-editor-allocator-block-size=1048576"
    "memorysetup-temp-allocator-size-main=16777216"
    "memorysetup-job-temp-allocator-block-size=2097152"
    "memorysetup-job-temp-allocator-block-size-background=1048576"
    "memorysetup-job-temp-allocator-reduction-small-platforms=262144"
    "memorysetup-temp-allocator-size-background-worker=32768"
    "memorysetup-temp-allocator-size-job-worker=262144"
    "memorysetup-temp-allocator-size-preload-manager=33554432"
    "memorysetup-temp-allocator-size-nav-mesh-worker=65536"
    "memorysetup-temp-allocator-size-audio-worker=65536"
    "memorysetup-temp-allocator-size-cloud-worker=32768"
    "memorysetup-temp-allocator-size-gi-baking-worker=262144"
    "memorysetup-temp-allocator-size-gfx=262144"
Refreshing native plugins compatible for Editor in 105.00 ms, found 3 plugins.
Preloading 0 native plugins for Editor in 0.00 ms.
Initialize engine version: 2021.2.11f1 (e50cafbb4399)
[Subsystems] Discovering subsystems at path C:/Program Files/Unity/Hub/Editor/2021.2.11f1/Editor/Data/Resources/UnitySubsystems
[Subsystems] Discovering subsystems at path C:/Users/janko/Documents/git/The-Watchmaker-s-Apprentice/src/WA/Assets
GfxDevice: creating device client; threaded=0; jobified=0
Direct3D:
    Version:  Direct3D 11.0 [level 11.1]
    Renderer: NVIDIA GeForce GTX 1060 6GB (ID=0x1c03)
    Vendor:   NVIDIA
    VRAM:     6052 MB
    Driver:   31.0.15.2225
Initialize mono
Mono path[0] = 'C:/Program Files/Unity/Hub/Editor/2021.2.11f1/Editor/Data/Managed'
Mono path[1] = 'C:/Program Files/Unity/Hub/Editor/2021.2.11f1/Editor/Data/MonoBleedingEdge/lib/mono/unityjit-win32'
Mono config path = 'C:/Program Files/Unity/Hub/Editor/2021.2.11f1/Editor/Data/MonoBleedingEdge/etc'
Using monoOptions --debugger-agent=transport=dt_socket,embedding=1,server=y,suspend=n,address=127.0.0.1:56748
Begin MonoManager ReloadAssembly
Registering precompiled unity dll's ...
Register platform support module: C:/Program Files/Unity/Hub/Editor/2021.2.11f1/Editor/Data/PlaybackEngines/WebGLSupport/UnityEditor.WebGL.Extensions.dll
Register platform support module: C:/Program Files/Unity/Hub/Editor/2021.2.11f1/Editor/Data/PlaybackEngines/WindowsStandaloneSupport/UnityEditor.WindowsStandalone.Extensions.dll
Registered in 0.010683 seconds.
Native extension for WindowsStandalone target not found
Native extension for WebGL target not found
Refreshing native plugins compatible for Editor in 93.27 ms, found 3 plugins.
Preloading 0 native plugins for Editor in 0.00 ms.
Mono: successfully reloaded assembly
- Completed reload, in  0.781 seconds
Domain Reload Profiling:
	ReloadAssembly (782ms)
		BeginReloadAssembly (94ms)
			ExecutionOrderSort (0ms)
			DisableScriptedObjects (0ms)
			BackupInstance (0ms)
			ReleaseScriptingObjects (0ms)
			CreateAndSetChildDomain (1ms)
		EndReloadAssembly (578ms)
			LoadAssemblies (91ms)
			RebuildTransferFunctionScriptingTraits (0ms)
			SetupTypeCache (122ms)
			ReleaseScriptCaches (0ms)
			RebuildScriptCaches (29ms)
			SetupLoadedEditorAssemblies (360ms)
				LogAssemblyErrors (0ms)
				InitializePlatformSupportModulesInManaged (20ms)
				SetLoadedEditorAssemblies (0ms)
				RefreshPlugins (93ms)
				BeforeProcessingInitializeOnLoad (1ms)
				ProcessInitializeOnLoadAttributes (179ms)
				ProcessInitializeOnLoadMethodAttributes (65ms)
				AfterProcessingInitializeOnLoad (0ms)
				EditorAssembliesLoaded (0ms)
			ExecutionOrderSort2 (0ms)
			AwakeInstancesAfterBackupRestoration (0ms)
Platform modules already initialized, skipping
Registering precompiled user dll's ...
Registered in 0.008498 seconds.
Begin MonoManager ReloadAssembly
Symbol file LoadedFromMemory doesn't match image C:\Users\janko\Documents\git\The-Watchmaker-s-Apprentice\src\WA\Library\PackageCache\com.unity.visualscripting@1.7.6\Editor\VisualScripting.Core\Dependencies\YamlDotNet\Unity.VisualScripting.YamlDotNet.dll
Symbol file LoadedFromMemory doesn't match image C:\Users\janko\Documents\git\The-Watchmaker-s-Apprentice\src\WA\Library\PackageCache\com.unity.visualscripting@1.7.6\Editor\VisualScripting.Core\Dependencies\DotNetZip\Unity.VisualScripting.IonicZip.dll
Native extension for WindowsStandalone target not found
Native extension for WebGL target not found
Refreshing native plugins compatible for Editor in 0.70 ms, found 3 plugins.
Preloading 0 native plugins for Editor in 0.00 ms.
Mono: successfully reloaded assembly
- Completed reload, in  1.244 seconds
Domain Reload Profiling:
	ReloadAssembly (1245ms)
		BeginReloadAssembly (144ms)
			ExecutionOrderSort (0ms)
			DisableScriptedObjects (8ms)
			BackupInstance (0ms)
			ReleaseScriptingObjects (0ms)
			CreateAndSetChildDomain (27ms)
		EndReloadAssembly (982ms)
			LoadAssemblies (92ms)
			RebuildTransferFunctionScriptingTraits (0ms)
			SetupTypeCache (306ms)
			ReleaseScriptCaches (1ms)
			RebuildScriptCaches (63ms)
			SetupLoadedEditorAssemblies (474ms)
				LogAssemblyErrors (0ms)
				InitializePlatformSupportModulesInManaged (17ms)
				SetLoadedEditorAssemblies (1ms)
				RefreshPlugins (1ms)
				BeforeProcessingInitializeOnLoad (116ms)
				ProcessInitializeOnLoadAttributes (300ms)
				ProcessInitializeOnLoadMethodAttributes (28ms)
				AfterProcessingInitializeOnLoad (12ms)
				EditorAssembliesLoaded (0ms)
			ExecutionOrderSort2 (0ms)
			AwakeInstancesAfterBackupRestoration (9ms)
Platform modules already initialized, skipping
========================================================================
Worker process is ready to serve import requests
Launched and connected shader compiler UnityShaderCompiler.exe after 0.05 seconds
Refreshing native plugins compatible for Editor in 0.63 ms, found 3 plugins.
Preloading 0 native plugins for Editor in 0.00 ms.
Unloading 3353 Unused Serialized files (Serialized files now loaded: 0)
Unloading 38 unused Assets / (1.3 MB). Loaded Objects now: 3798.
Memory consumption went from 123.3 MB to 122.0 MB.
Total: 3.800700 ms (FindLiveObjects: 0.357900 ms CreateObjectMapping: 0.094800 ms MarkObjects: 3.023000 ms  DeleteObjects: 0.323900 ms)

AssetImportParameters requested are different than current active one (requested -> active):
  custom:video-decoder-ogg-theora: a1e56fd34408186e4bbccfd4996cb3dc -> 
  custom:container-muxer-webm: aa71ff27fc2769a1b78a27578f13a17b -> 
  custom:container-demuxer-webm: 4f35f7cbe854078d1ac9338744f61a02 -> 
  custom:video-encoder-webm-vp8: eb34c28f22e8b96e1ab97ce403110664 -> 
  custom:audio-encoder-webm-vorbis: bf7c407c2cedff20999df2af8eb42d56 -> 
  custom:framework-win-MediaFoundation: 216162199b28c13a410421893ffa2e32 -> 
  custom:container-demuxer-ogg: 62fdf1f143b41e24485cea50d1cbac27 -> 
  custom:video-decoder-webm-vp8: 9c59270c3fd7afecdb556c50c9e8de78 -> 
  custom:audio-decoder-ogg-vorbis: bf7c407c2cedff20999df2af8eb42d56 -> 
========================================================================
Received Import Request.
  Time since last request: 80558.304336 seconds.
  path: Assets/UI/100 Horror Icons Pack/141.png
  artifactKey: Guid(ba223fdee55f6304ca259f1723ec21d3) Importer(815301076,1909f56bfc062723c751e8b465ee728b)
Start importing Assets/UI/100 Horror Icons Pack/141.png using Guid(ba223fdee55f6304ca259f1723ec21d3) Importer(815301076,1909f56bfc062723c751e8b465ee728b)  -> (artifact id: '4fb8ca774a6b6336f82bcc0200e6b968') in 0.179732 seconds 
========================================================================
Received Import Request.
  Time since last request: 0.223969 seconds.
  path: Assets/UI/100 Horror Icons Pack/145.png
  artifactKey: Guid(ae3f2936191ee264fbd858a2cae5f566) Importer(815301076,1909f56bfc062723c751e8b465ee728b)
Start importing Assets/UI/100 Horror Icons Pack/145.png using Guid(ae3f2936191ee264fbd858a2cae5f566) Importer(815301076,1909f56bfc062723c751e8b465ee728b)  -> (artifact id: 'b78743dc81298ac2948134a01c32e7cf') in 0.035792 seconds 
========================================================================
Received Import Request.
  Time since last request: 0.679130 seconds.
  path: Assets/UI/100 Horror Icons Pack/151.png
  artifactKey: Guid(b4f731d9adf4e6c4eb66d9c6f8af3058) Importer(815301076,1909f56bfc062723c751e8b465ee728b)
Start importing Assets/UI/100 Horror Icons Pack/151.png using Guid(b4f731d9adf4e6c4eb66d9c6f8af3058) Importer(815301076,1909f56bfc062723c751e8b465ee728b)  -> (artifact id: 'b01a7e7bb4af9c4926ea74c203776ad2') in 0.034158 seconds 
========================================================================
Received Import Request.
  Time since last request: 0.343232 seconds.
  path: Assets/UI/100 Horror Icons Pack/155.png
  artifactKey: Guid(e9bf6eb9776d0014aa34c6fa1e31e1fb) Importer(815301076,1909f56bfc062723c751e8b465ee728b)
Start importing Assets/UI/100 Horror Icons Pack/155.png using Guid(e9bf6eb9776d0014aa34c6fa1e31e1fb) Importer(815301076,1909f56bfc062723c751e8b465ee728b)  -> (artifact id: '8693282de1eb25b253a1aa422f78599a') in 0.032491 seconds 
========================================================================
Received Import Request.
  Time since last request: 0.018642 seconds.
  path: Assets/UI/100 Horror Icons Pack/158.png
  artifactKey: Guid(d2d10c9a2207ab34ea6a5b5155097069) Importer(815301076,1909f56bfc062723c751e8b465ee728b)
Start importing Assets/UI/100 Horror Icons Pack/158.png using Guid(d2d10c9a2207ab34ea6a5b5155097069) Importer(815301076,1909f56bfc062723c751e8b465ee728b)  -> (artifact id: 'c395ceff2cfecac198ddf482f2aa7d8f') in 0.032600 seconds 
========================================================================
Received Import Request.
  Time since last request: 0.356509 seconds.
  path: Assets/UI/100 Horror Icons Pack/163.png
  artifactKey: Guid(17f5050b0797bb74bb1eb052125b4e20) Importer(815301076,1909f56bfc062723c751e8b465ee728b)
Start importing Assets/UI/100 Horror Icons Pack/163.png using Guid(17f5050b0797bb74bb1eb052125b4e20) Importer(815301076,1909f56bfc062723c751e8b465ee728b)  -> (artifact id: '88affd3024a4153a03acb28e1098f5b8') in 0.034093 seconds 
Editor requested this worker to shutdown with reason: Scaling down because of idle timeout
AssetImportWorker is now disconnected from the server
Process exiting
Exiting without the bug reporter. Application will terminate with return code 0